<?xml version="1.0" encoding="UTF-8"?>
<testsuite name="com.example.hangman.PrintTest" tests="1" skipped="0" failures="0" errors="0" timestamp="2021-11-12T12:41:57" hostname="JungJunWooui-MacBookPro.local" time="0.012">
  <properties/>
  <testcase name="test()" classname="com.example.hangman.PrintTest" time="0.012"/>
  <system-out><![CDATA[]]></system-out>
  <system-err><![CDATA[]]></system-err>
</testsuite>
